C:\Workspace\Portfolio\API\client\dist\out-tsc\e2e\src\app.po.js
C:\Workspace\Portfolio\API\client\dist\out-tsc\e2e\src\app.po.js.map
C:\Workspace\Portfolio\API\client\dist\out-tsc\e2e\src\app.e2e-spec.js
C:\Workspace\Portfolio\API\client\dist\out-tsc\e2e\src\app.e2e-spec.js.map
C:\Workspace\Portfolio\API\client\dist\out-tsc\src\app\Services\Blog\blog-service.service.js
C:\Workspace\Portfolio\API\client\dist\out-tsc\src\app\Services\Blog\blog-service.service.js.map
C:\Workspace\Portfolio\API\client\dist\out-tsc\src\app\Services\Portfolio\portfolio.service.js
C:\Workspace\Portfolio\API\client\dist\out-tsc\src\app\Services\Portfolio\portfolio.service.js.map
C:\Workspace\Portfolio\API\client\dist\out-tsc\src\app\home\home.component.js
C:\Workspace\Portfolio\API\client\dist\out-tsc\src\app\home\home.component.js.map
C:\Workspace\Portfolio\API\client\dist\out-tsc\src\app\blog\blog.component.js
C:\Workspace\Portfolio\API\client\dist\out-tsc\src\app\blog\blog.component.js.map
C:\Workspace\Portfolio\API\client\dist\out-tsc\src\app\portfolio\portfolio.component.js
C:\Workspace\Portfolio\API\client\dist\out-tsc\src\app\portfolio\portfolio.component.js.map
C:\Workspace\Portfolio\API\client\dist\out-tsc\src\app\contact\contact.component.js
C:\Workspace\Portfolio\API\client\dist\out-tsc\src\app\contact\contact.component.js.map
C:\Workspace\Portfolio\API\client\dist\out-tsc\src\app\Administration\create-new-portfolio\create-new-portfolio.component.js
C:\Workspace\Portfolio\API\client\dist\out-tsc\src\app\Administration\create-new-portfolio\create-new-portfolio.component.js.map
C:\Workspace\Portfolio\API\client\dist\out-tsc\src\app\chat\chatMesage.js
C:\Workspace\Portfolio\API\client\dist\out-tsc\src\app\chat\chatMesage.js.map
C:\Workspace\Portfolio\API\client\dist\out-tsc\src\app\chat\signalr.service.js
C:\Workspace\Portfolio\API\client\dist\out-tsc\src\app\chat\signalr.service.js.map
C:\Workspace\Portfolio\API\client\dist\out-tsc\src\app\chat\chat.component.js
C:\Workspace\Portfolio\API\client\dist\out-tsc\src\app\chat\chat.component.js.map
C:\Workspace\Portfolio\API\client\dist\out-tsc\src\app\app-routing.module.js
C:\Workspace\Portfolio\API\client\dist\out-tsc\src\app\app-routing.module.js.map
C:\Workspace\Portfolio\API\client\dist\out-tsc\src\app\app.component.js
C:\Workspace\Portfolio\API\client\dist\out-tsc\src\app\app.component.js.map
C:\Workspace\Portfolio\API\client\dist\out-tsc\src\app\nav\nav.component.js
C:\Workspace\Portfolio\API\client\dist\out-tsc\src\app\nav\nav.component.js.map
C:\Workspace\Portfolio\API\client\dist\out-tsc\src\app\footer\footer.component.js
C:\Workspace\Portfolio\API\client\dist\out-tsc\src\app\footer\footer.component.js.map
C:\Workspace\Portfolio\API\client\dist\out-tsc\src\app\blog-view\blog-view.component.js
C:\Workspace\Portfolio\API\client\dist\out-tsc\src\app\blog-view\blog-view.component.js.map
C:\Workspace\Portfolio\API\client\dist\out-tsc\src\app\portfolio-view\portfolio-view.component.js
C:\Workspace\Portfolio\API\client\dist\out-tsc\src\app\portfolio-view\portfolio-view.component.js.map
C:\Workspace\Portfolio\API\client\dist\out-tsc\src\app\app.module.js
C:\Workspace\Portfolio\API\client\dist\out-tsc\src\app\app.module.js.map
C:\Workspace\Portfolio\API\client\dist\out-tsc\src\environments\environment.js
C:\Workspace\Portfolio\API\client\dist\out-tsc\src\environments\environment.js.map
C:\Workspace\Portfolio\API\client\dist\out-tsc\src\main.js
C:\Workspace\Portfolio\API\client\dist\out-tsc\src\main.js.map
C:\Workspace\Portfolio\API\client\dist\out-tsc\src\polyfills.js
C:\Workspace\Portfolio\API\client\dist\out-tsc\src\polyfills.js.map
C:\Workspace\Portfolio\API\client\dist\out-tsc\src\test.js
C:\Workspace\Portfolio\API\client\dist\out-tsc\src\test.js.map
C:\Workspace\Portfolio\API\client\dist\out-tsc\src\app\app.component.spec.js
C:\Workspace\Portfolio\API\client\dist\out-tsc\src\app\app.component.spec.js.map
C:\Workspace\Portfolio\API\client\dist\out-tsc\src\app\Administration\create-new-portfolio\create-new-portfolio.component.spec.js
C:\Workspace\Portfolio\API\client\dist\out-tsc\src\app\Administration\create-new-portfolio\create-new-portfolio.component.spec.js.map
C:\Workspace\Portfolio\API\client\dist\out-tsc\src\app\Services\Blog\blog-service.service.spec.js
C:\Workspace\Portfolio\API\client\dist\out-tsc\src\app\Services\Blog\blog-service.service.spec.js.map
C:\Workspace\Portfolio\API\client\dist\out-tsc\src\app\Services\Portfolio\portfolio.service.spec.js
C:\Workspace\Portfolio\API\client\dist\out-tsc\src\app\Services\Portfolio\portfolio.service.spec.js.map
C:\Workspace\Portfolio\API\client\dist\out-tsc\src\app\blog\blog.component.spec.js
C:\Workspace\Portfolio\API\client\dist\out-tsc\src\app\blog\blog.component.spec.js.map
C:\Workspace\Portfolio\API\client\dist\out-tsc\src\app\blog-view\blog-view.component.spec.js
C:\Workspace\Portfolio\API\client\dist\out-tsc\src\app\blog-view\blog-view.component.spec.js.map
C:\Workspace\Portfolio\API\client\dist\out-tsc\src\app\chat\chat.component.spec.js
C:\Workspace\Portfolio\API\client\dist\out-tsc\src\app\chat\chat.component.spec.js.map
C:\Workspace\Portfolio\API\client\dist\out-tsc\src\app\contact\contact.component.spec.js
C:\Workspace\Portfolio\API\client\dist\out-tsc\src\app\contact\contact.component.spec.js.map
C:\Workspace\Portfolio\API\client\dist\out-tsc\src\app\footer\footer.component.spec.js
C:\Workspace\Portfolio\API\client\dist\out-tsc\src\app\footer\footer.component.spec.js.map
C:\Workspace\Portfolio\API\client\dist\out-tsc\src\app\home\home.component.spec.js
C:\Workspace\Portfolio\API\client\dist\out-tsc\src\app\home\home.component.spec.js.map
C:\Workspace\Portfolio\API\client\dist\out-tsc\src\app\nav\nav.component.spec.js
C:\Workspace\Portfolio\API\client\dist\out-tsc\src\app\nav\nav.component.spec.js.map
C:\Workspace\Portfolio\API\client\dist\out-tsc\src\app\portfolio\portfolio.component.spec.js
C:\Workspace\Portfolio\API\client\dist\out-tsc\src\app\portfolio\portfolio.component.spec.js.map
C:\Workspace\Portfolio\API\client\dist\out-tsc\src\app\portfolio-view\portfolio-view.component.spec.js
C:\Workspace\Portfolio\API\client\dist\out-tsc\src\app\portfolio-view\portfolio-view.component.spec.js.map
C:\Workspace\Portfolio\API\client\dist\out-tsc\src\environments\environment.prod.js
C:\Workspace\Portfolio\API\client\dist\out-tsc\src\environments\environment.prod.js.map
